<?xml version="1.0" encoding="UTF-8"?>
<!-- Generated by org.testng.reporters.JUnitXMLReporter -->
<testsuite ignored="0" hostname="MisbahulHaque" failures="2" tests="3" name="Facebook Tests" time="12.341" errors="0" timestamp="2025-09-13T17:24:11 IST">
  <testcase classname="tests.LoginTest" name="testFacebookLogin" time="8.492">
    <failure type="java.lang.NullPointerException" message="Cannot invoke &amp;quot;com.aventstack.extentreports.ExtentTest.log(com.aventstack.extentreports.Status, String)&amp;quot; because &amp;quot;this.test&amp;quot; is null">
      <![CDATA[java.lang.NullPointerException: Cannot invoke "com.aventstack.extentreports.ExtentTest.log(com.aventstack.extentreports.Status, String)" because "this.test" is null
at utils.RetryAnalyzer.retry(RetryAnalyzer.java:17)
at java.base/java.util.ArrayList.forEach(ArrayList.java:1596)
... Removed 27 stack frames]]>
    </failure>
  </testcase> <!-- testFacebookLogin -->
  <testcase classname="tests.ForgotPasswordTest" name="testForgotPasswordFlow" time="2.469"/>
  <testcase classname="tests.ForgotPasswordTest" name="testForgotPasswordFlow" time="3.466">
    <failure type="java.lang.NullPointerException" message="Cannot invoke &amp;quot;com.aventstack.extentreports.ExtentTest.log(com.aventstack.extentreports.Status, String)&amp;quot; because &amp;quot;this.test&amp;quot; is null">
      <![CDATA[java.lang.NullPointerException: Cannot invoke "com.aventstack.extentreports.ExtentTest.log(com.aventstack.extentreports.Status, String)" because "this.test" is null
at utils.TestListener.onTestSuccess(TestListener.java:47)
at java.base/java.util.ArrayList.forEach(ArrayList.java:1596)
... Removed 28 stack frames]]>
    </failure>
  </testcase> <!-- testForgotPasswordFlow -->
</testsuite> <!-- Facebook Tests -->
